The system is: Darwin - 19.6.0 - x86_64
Compiling the C compiler identification source file "CMakeCCompilerId.c" succeeded.
Compiler: /usr/local/Cellar/gcc@8/8.5.0/bin/gcc-8 
Build flags: 
Id flags:  

The output was:
0


Compilation of the C compiler identification source "CMakeCCompilerId.c" produced "a.out"

The C compiler identification is GNU, found in "/Users/AntonioShen/MLProjects/artifact-impact/RecordHelper/cmake-build-debug/CMakeFiles/3.19.2/CompilerIdC/a.out"

Compiling the CXX compiler identification source file "CMakeCXXCompilerId.cpp" succeeded.
Compiler: /usr/local/Cellar/gcc@8/8.5.0/bin/g++-8 
Build flags: 
Id flags:  

The output was:
0


Compilation of the CXX compiler identification source "CMakeCXXCompilerId.cpp" produced "a.out"

The CXX compiler identification is GNU, found in "/Users/AntonioShen/MLProjects/artifact-impact/RecordHelper/cmake-build-debug/CMakeFiles/3.19.2/CompilerIdCXX/a.out"

Detecting C compiler ABI info compiled with the following output:
Change Dir: /Users/AntonioShen/MLProjects/artifact-impact/RecordHelper/cmake-build-debug/CMakeFiles/CMakeTmp

Run Build Command(s):/usr/bin/make cmTC_95578/fast && /Applications/Xcode.app/Contents/Developer/usr/bin/make  -f CMakeFiles/cmTC_95578.dir/build.make CMakeFiles/cmTC_95578.dir/build
Building C object CMakeFiles/cmTC_95578.dir/CMakeCCompilerABI.c.o
/usr/local/Cellar/gcc@8/8.5.0/bin/gcc-8   -isysroot /Applications/Xcode.app/Contents/Developer/Platforms/MacOSX.platform/Developer/SDKs/MacOSX11.1.sdk -mmacosx-version-min=10.15   -v -Wl,-v -o CMakeFiles/cmTC_95578.dir/CMakeCCompilerABI.c.o -c "/Users/AntonioShen/Library/Application Support/JetBrains/Toolbox/apps/CLion/ch-0/211.7142.21/CLion.app/Contents/bin/cmake/mac/share/cmake-3.19/Modules/CMakeCCompilerABI.c"
Using built-in specs.
COLLECT_GCC=/usr/local/Cellar/gcc@8/8.5.0/bin/gcc-8
Target: x86_64-apple-darwin19
Configured with: ../configure --prefix=/usr/local/Cellar/gcc@8/8.5.0 --libdir=/usr/local/Cellar/gcc@8/8.5.0/lib/gcc/8 --disable-nls --enable-checking=release --enable-languages=c,c++,objc,obj-c++,fortran --program-suffix=-8 --with-gmp=/usr/local/opt/gmp --with-mpfr=/usr/local/opt/mpfr --with-mpc=/usr/local/opt/libmpc --with-isl=/usr/local/opt/isl --with-pkgversion='Homebrew GCC 8.5.0' --with-bugurl=https://github.com/Homebrew/homebrew-core/issues --build=x86_64-apple-darwin19 --with-system-zlib --disable-multilib --with-native-system-header-dir=/usr/include --with-sysroot=/Library/Developer/CommandLineTools/SDKs/MacOSX10.15.sdk
Thread model: posix
gcc version 8.5.0 (Homebrew GCC 8.5.0) 
COLLECT_GCC_OPTIONS='-isysroot' '/Applications/Xcode.app/Contents/Developer/Platforms/MacOSX.platform/Developer/SDKs/MacOSX11.1.sdk' '-v' '-o' 'CMakeFiles/cmTC_95578.dir/CMakeCCompilerABI.c.o' '-c' '-mmacosx-version-min=10.15' '-asm_macosx_version_min=10.15' '-mtune=core2'
 /usr/local/Cellar/gcc@8/8.5.0/libexec/gcc/x86_64-apple-darwin19/8.5.0/cc1 -quiet -v -D__DYNAMIC__ -isysroot /Applications/Xcode.app/Contents/Developer/Platforms/MacOSX.platform/Developer/SDKs/MacOSX11.1.sdk /Users/AntonioShen/Library/Application Support/JetBrains/Toolbox/apps/CLion/ch-0/211.7142.21/CLion.app/Contents/bin/cmake/mac/share/cmake-3.19/Modules/CMakeCCompilerABI.c -fPIC -quiet -dumpbase CMakeCCompilerABI.c -mmacosx-version-min=10.15 -mtune=core2 -auxbase-strip CMakeFiles/cmTC_95578.dir/CMakeCCompilerABI.c.o -version -o /var/folders/78/6szq3z2x3fjgqznqvrbk3x080000gn/T//cc6rfbPv.s
GNU C17 (Homebrew GCC 8.5.0) version 8.5.0 (x86_64-apple-darwin19)
	compiled by GNU C version 8.5.0, GMP version 6.2.1, MPFR version 4.1.0, MPC version 1.2.1, isl version isl-0.24-GMP

GGC heuristics: --param ggc-min-expand=100 --param ggc-min-heapsize=131072
ignoring nonexistent directory "/Applications/Xcode.app/Contents/Developer/Platforms/MacOSX.platform/Developer/SDKs/MacOSX11.1.sdk/usr/local/include"
ignoring nonexistent directory "/usr/local/Cellar/gcc@8/8.5.0/lib/gcc/8/gcc/x86_64-apple-darwin19/8.5.0/../../../../../../x86_64-apple-darwin19/include"
ignoring nonexistent directory "/Applications/Xcode.app/Contents/Developer/Platforms/MacOSX.platform/Developer/SDKs/MacOSX11.1.sdk/Library/Frameworks"
#include "..." search starts here:
#include <...> search starts here:
 /usr/local/Cellar/gcc@8/8.5.0/lib/gcc/8/gcc/x86_64-apple-darwin19/8.5.0/include
 /usr/local/Cellar/gcc@8/8.5.0/lib/gcc/8/gcc/x86_64-apple-darwin19/8.5.0/include-fixed
 /Applications/Xcode.app/Contents/Developer/Platforms/MacOSX.platform/Developer/SDKs/MacOSX11.1.sdk/usr/include
 /Applications/Xcode.app/Contents/Developer/Platforms/MacOSX.platform/Developer/SDKs/MacOSX11.1.sdk/System/Library/Frameworks
End of search list.
GNU C17 (Homebrew GCC 8.5.0) version 8.5.0 (x86_64-apple-darwin19)
	compiled by GNU C version 8.5.0, GMP version 6.2.1, MPFR version 4.1.0, MPC version 1.2.1, isl version isl-0.24-GMP

GGC heuristics: --param ggc-min-expand=100 --param ggc-min-heapsize=131072
Compiler executable checksum: 62767911d8b0c7ece442b5c3021d7eea
COLLECT_GCC_OPTIONS='-isysroot' '/Applications/Xcode.app/Contents/Developer/Platforms/MacOSX.platform/Developer/SDKs/MacOSX11.1.sdk' '-v' '-o' 'CMakeFiles/cmTC_95578.dir/CMakeCCompilerABI.c.o' '-c' '-mmacosx-version-min=10.15'  '-mtune=core2'
 as -arch x86_64 -v -force_cpusubtype_ALL -mmacosx-version-min=10.15 -o CMakeFiles/cmTC_95578.dir/CMakeCCompilerABI.c.o /var/folders/78/6szq3z2x3fjgqznqvrbk3x080000gn/T//cc6rfbPv.s
Apple clang version 12.0.0 (clang-1200.0.32.29)
Target: x86_64-apple-darwin19.6.0
Thread model: posix
InstalledDir: /Applications/Xcode.app/Contents/Developer/Toolchains/XcodeDefault.xctoolchain/usr/bin
 "/Applications/Xcode.app/Contents/Developer/Toolchains/XcodeDefault.xctoolchain/usr/bin/clang" -cc1as -triple x86_64-apple-macosx10.15.0 -filetype obj -main-file-name cc6rfbPv.s -target-cpu penryn -fdebug-compilation-dir /Users/AntonioShen/MLProjects/artifact-impact/RecordHelper/cmake-build-debug/CMakeFiles/CMakeTmp -dwarf-debug-producer "Apple clang version 12.0.0 (clang-1200.0.32.29)" -dwarf-version=4 -mrelocation-model pic -o CMakeFiles/cmTC_95578.dir/CMakeCCompilerABI.c.o /var/folders/78/6szq3z2x3fjgqznqvrbk3x080000gn/T//cc6rfbPv.s
COMPILER_PATH=/usr/local/Cellar/gcc@8/8.5.0/libexec/gcc/x86_64-apple-darwin19/8.5.0/:/usr/local/Cellar/gcc@8/8.5.0/libexec/gcc/x86_64-apple-darwin19/8.5.0/:/usr/local/Cellar/gcc@8/8.5.0/libexec/gcc/x86_64-apple-darwin19/:/usr/local/Cellar/gcc@8/8.5.0/lib/gcc/8/gcc/x86_64-apple-darwin19/8.5.0/:/usr/local/Cellar/gcc@8/8.5.0/lib/gcc/8/gcc/x86_64-apple-darwin19/
LIBRARY_PATH=/usr/local/Cellar/gcc@8/8.5.0/lib/gcc/8/gcc/x86_64-apple-darwin19/8.5.0/:/usr/local/Cellar/gcc@8/8.5.0/lib/gcc/8/gcc/x86_64-apple-darwin19/8.5.0/../../../
COLLECT_GCC_OPTIONS='-isysroot' '/Applications/Xcode.app/Contents/Developer/Platforms/MacOSX.platform/Developer/SDKs/MacOSX11.1.sdk' '-v' '-o' 'CMakeFiles/cmTC_95578.dir/CMakeCCompilerABI.c.o' '-c' '-mmacosx-version-min=10.15'  '-mtune=core2'
Linking C executable cmTC_95578
"/Users/AntonioShen/Library/Application Support/JetBrains/Toolbox/apps/CLion/ch-0/211.7142.21/CLion.app/Contents/bin/cmake/mac/bin/cmake" -E cmake_link_script CMakeFiles/cmTC_95578.dir/link.txt --verbose=1
/usr/local/Cellar/gcc@8/8.5.0/bin/gcc-8  -isysroot /Applications/Xcode.app/Contents/Developer/Platforms/MacOSX.platform/Developer/SDKs/MacOSX11.1.sdk -mmacosx-version-min=10.15 -Wl,-search_paths_first -Wl,-headerpad_max_install_names  -v -Wl,-v CMakeFiles/cmTC_95578.dir/CMakeCCompilerABI.c.o -o cmTC_95578 
Using built-in specs.
COLLECT_GCC=/usr/local/Cellar/gcc@8/8.5.0/bin/gcc-8
COLLECT_LTO_WRAPPER=/usr/local/Cellar/gcc@8/8.5.0/libexec/gcc/x86_64-apple-darwin19/8.5.0/lto-wrapper
Target: x86_64-apple-darwin19
Configured with: ../configure --prefix=/usr/local/Cellar/gcc@8/8.5.0 --libdir=/usr/local/Cellar/gcc@8/8.5.0/lib/gcc/8 --disable-nls --enable-checking=release --enable-languages=c,c++,objc,obj-c++,fortran --program-suffix=-8 --with-gmp=/usr/local/opt/gmp --with-mpfr=/usr/local/opt/mpfr --with-mpc=/usr/local/opt/libmpc --with-isl=/usr/local/opt/isl --with-pkgversion='Homebrew GCC 8.5.0' --with-bugurl=https://github.com/Homebrew/homebrew-core/issues --build=x86_64-apple-darwin19 --with-system-zlib --disable-multilib --with-native-system-header-dir=/usr/include --with-sysroot=/Library/Developer/CommandLineTools/SDKs/MacOSX10.15.sdk
Thread model: posix
gcc version 8.5.0 (Homebrew GCC 8.5.0) 
COMPILER_PATH=/usr/local/Cellar/gcc@8/8.5.0/libexec/gcc/x86_64-apple-darwin19/8.5.0/:/usr/local/Cellar/gcc@8/8.5.0/libexec/gcc/x86_64-apple-darwin19/8.5.0/:/usr/local/Cellar/gcc@8/8.5.0/libexec/gcc/x86_64-apple-darwin19/:/usr/local/Cellar/gcc@8/8.5.0/lib/gcc/8/gcc/x86_64-apple-darwin19/8.5.0/:/usr/local/Cellar/gcc@8/8.5.0/lib/gcc/8/gcc/x86_64-apple-darwin19/
LIBRARY_PATH=/usr/local/Cellar/gcc@8/8.5.0/lib/gcc/8/gcc/x86_64-apple-darwin19/8.5.0/:/usr/local/Cellar/gcc@8/8.5.0/lib/gcc/8/gcc/x86_64-apple-darwin19/8.5.0/../../../
COLLECT_GCC_OPTIONS='-isysroot' '/Applications/Xcode.app/Contents/Developer/Platforms/MacOSX.platform/Developer/SDKs/MacOSX11.1.sdk' '-v' '-o' 'cmTC_95578' '-mmacosx-version-min=10.15' '-asm_macosx_version_min=10.15' '-mtune=core2'
 /usr/local/Cellar/gcc@8/8.5.0/libexec/gcc/x86_64-apple-darwin19/8.5.0/collect2 -dynamic -arch x86_64 -macosx_version_min 10.15 -syslibroot /Applications/Xcode.app/Contents/Developer/Platforms/MacOSX.platform/Developer/SDKs/MacOSX11.1.sdk -weak_reference_mismatches non-weak -o cmTC_95578 -L/usr/local/Cellar/gcc@8/8.5.0/lib/gcc/8/gcc/x86_64-apple-darwin19/8.5.0 -L/usr/local/Cellar/gcc@8/8.5.0/lib/gcc/8/gcc/x86_64-apple-darwin19/8.5.0/../../.. -search_paths_first -headerpad_max_install_names -v CMakeFiles/cmTC_95578.dir/CMakeCCompilerABI.c.o -no_compact_unwind -lSystem -lgcc_ext.10.5 -lgcc -lSystem -no_compact_unwind -v
collect2 version 8.5.0
/usr/bin/ld -dynamic -arch x86_64 -macosx_version_min 10.15 -syslibroot /Applications/Xcode.app/Contents/Developer/Platforms/MacOSX.platform/Developer/SDKs/MacOSX11.1.sdk -weak_reference_mismatches non-weak -o cmTC_95578 -L/usr/local/Cellar/gcc@8/8.5.0/lib/gcc/8/gcc/x86_64-apple-darwin19/8.5.0 -L/usr/local/Cellar/gcc@8/8.5.0/lib/gcc/8/gcc/x86_64-apple-darwin19/8.5.0/../../.. -search_paths_first -headerpad_max_install_names -v CMakeFiles/cmTC_95578.dir/CMakeCCompilerABI.c.o -no_compact_unwind -lSystem -lgcc_ext.10.5 -lgcc -lSystem -no_compact_unwind -v
@(#)PROGRAM:ld  PROJECT:ld64-609.8
BUILD 15:07:46 Dec 18 2020
configured to support archs: armv6 armv7 armv7s arm64 arm64e arm64_32 i386 x86_64 x86_64h armv6m armv7k armv7m armv7em
@(#)PROGRAM:ld  PROJECT:ld64-609.8
BUILD 15:07:46 Dec 18 2020
configured to support archs: armv6 armv7 armv7s arm64 arm64e arm64_32 i386 x86_64 x86_64h armv6m armv7k armv7m armv7em
Library search paths:
	/usr/local/Cellar/gcc@8/8.5.0/lib/gcc/8/gcc/x86_64-apple-darwin19/8.5.0
	/usr/local/Cellar/gcc@8/8.5.0/lib/gcc/8
	/Applications/Xcode.app/Contents/Developer/Platforms/MacOSX.platform/Developer/SDKs/MacOSX11.1.sdk/usr/lib
Framework search paths:
	/Applications/Xcode.app/Contents/Developer/Platforms/MacOSX.platform/Developer/SDKs/MacOSX11.1.sdk/System/Library/Frameworks/
 /usr/bin/nm -n CMakeFiles/cmTC_95578.dir/CMakeCCompilerABI.c.o



Parsed C implicit include dir info from above output: rv=done
  found start of include info
  found start of implicit include info
    add: [/usr/local/Cellar/gcc@8/8.5.0/lib/gcc/8/gcc/x86_64-apple-darwin19/8.5.0/include]
    add: [/usr/local/Cellar/gcc@8/8.5.0/lib/gcc/8/gcc/x86_64-apple-darwin19/8.5.0/include-fixed]
    add: [/Applications/Xcode.app/Contents/Developer/Platforms/MacOSX.platform/Developer/SDKs/MacOSX11.1.sdk/usr/include]
    add: [/Applications/Xcode.app/Contents/Developer/Platforms/MacOSX.platform/Developer/SDKs/MacOSX11.1.sdk/System/Library/Frameworks]
  end of search list found
  collapse include dir [/usr/local/Cellar/gcc@8/8.5.0/lib/gcc/8/gcc/x86_64-apple-darwin19/8.5.0/include] ==> [/usr/local/Cellar/gcc@8/8.5.0/lib/gcc/8/gcc/x86_64-apple-darwin19/8.5.0/include]
  collapse include dir [/usr/local/Cellar/gcc@8/8.5.0/lib/gcc/8/gcc/x86_64-apple-darwin19/8.5.0/include-fixed] ==> [/usr/local/Cellar/gcc@8/8.5.0/lib/gcc/8/gcc/x86_64-apple-darwin19/8.5.0/include-fixed]
  collapse include dir [/Applications/Xcode.app/Contents/Developer/Platforms/MacOSX.platform/Developer/SDKs/MacOSX11.1.sdk/usr/include] ==> [/Applications/Xcode.app/Contents/Developer/Platforms/MacOSX.platform/Developer/SDKs/MacOSX11.1.sdk/usr/include]
  collapse include dir [/Applications/Xcode.app/Contents/Developer/Platforms/MacOSX.platform/Developer/SDKs/MacOSX11.1.sdk/System/Library/Frameworks] ==> [/Applications/Xcode.app/Contents/Developer/Platforms/MacOSX.platform/Developer/SDKs/MacOSX11.1.sdk/System/Library/Frameworks]
  implicit include dirs: [/usr/local/Cellar/gcc@8/8.5.0/lib/gcc/8/gcc/x86_64-apple-darwin19/8.5.0/include;/usr/local/Cellar/gcc@8/8.5.0/lib/gcc/8/gcc/x86_64-apple-darwin19/8.5.0/include-fixed;/Applications/Xcode.app/Contents/Developer/Platforms/MacOSX.platform/Developer/SDKs/MacOSX11.1.sdk/usr/include;/Applications/Xcode.app/Contents/Developer/Platforms/MacOSX.platform/Developer/SDKs/MacOSX11.1.sdk/System/Library/Frameworks]


Parsed C implicit link information from above output:
  link line regex: [^( *|.*[/\])(ld|CMAKE_LINK_STARTFILE-NOTFOUND|([^/\]+-)?ld|collect2)[^/\]*( |$)]
  ignore line: [Change Dir: /Users/AntonioShen/MLProjects/artifact-impact/RecordHelper/cmake-build-debug/CMakeFiles/CMakeTmp]
  ignore line: []
  ignore line: [Run Build Command(s):/usr/bin/make cmTC_95578/fast && /Applications/Xcode.app/Contents/Developer/usr/bin/make  -f CMakeFiles/cmTC_95578.dir/build.make CMakeFiles/cmTC_95578.dir/build]
  ignore line: [Building C object CMakeFiles/cmTC_95578.dir/CMakeCCompilerABI.c.o]
  ignore line: [/usr/local/Cellar/gcc@8/8.5.0/bin/gcc-8   -isysroot /Applications/Xcode.app/Contents/Developer/Platforms/MacOSX.platform/Developer/SDKs/MacOSX11.1.sdk -mmacosx-version-min=10.15   -v -Wl -v -o CMakeFiles/cmTC_95578.dir/CMakeCCompilerABI.c.o -c "/Users/AntonioShen/Library/Application Support/JetBrains/Toolbox/apps/CLion/ch-0/211.7142.21/CLion.app/Contents/bin/cmake/mac/share/cmake-3.19/Modules/CMakeCCompilerABI.c"]
  ignore line: [Using built-in specs.]
  ignore line: [COLLECT_GCC=/usr/local/Cellar/gcc@8/8.5.0/bin/gcc-8]
  ignore line: [Target: x86_64-apple-darwin19]
  ignore line: [Configured with: ../configure --prefix=/usr/local/Cellar/gcc@8/8.5.0 --libdir=/usr/local/Cellar/gcc@8/8.5.0/lib/gcc/8 --disable-nls --enable-checking=release --enable-languages=c c++ objc obj-c++ fortran --program-suffix=-8 --with-gmp=/usr/local/opt/gmp --with-mpfr=/usr/local/opt/mpfr --with-mpc=/usr/local/opt/libmpc --with-isl=/usr/local/opt/isl --with-pkgversion='Homebrew GCC 8.5.0' --with-bugurl=https://github.com/Homebrew/homebrew-core/issues --build=x86_64-apple-darwin19 --with-system-zlib --disable-multilib --with-native-system-header-dir=/usr/include --with-sysroot=/Library/Developer/CommandLineTools/SDKs/MacOSX10.15.sdk]
  ignore line: [Thread model: posix]
  ignore line: [gcc version 8.5.0 (Homebrew GCC 8.5.0) ]
  ignore line: [COLLECT_GCC_OPTIONS='-isysroot' '/Applications/Xcode.app/Contents/Developer/Platforms/MacOSX.platform/Developer/SDKs/MacOSX11.1.sdk' '-v' '-o' 'CMakeFiles/cmTC_95578.dir/CMakeCCompilerABI.c.o' '-c' '-mmacosx-version-min=10.15' '-asm_macosx_version_min=10.15' '-mtune=core2']
  ignore line: [ /usr/local/Cellar/gcc@8/8.5.0/libexec/gcc/x86_64-apple-darwin19/8.5.0/cc1 -quiet -v -D__DYNAMIC__ -isysroot /Applications/Xcode.app/Contents/Developer/Platforms/MacOSX.platform/Developer/SDKs/MacOSX11.1.sdk /Users/AntonioShen/Library/Application Support/JetBrains/Toolbox/apps/CLion/ch-0/211.7142.21/CLion.app/Contents/bin/cmake/mac/share/cmake-3.19/Modules/CMakeCCompilerABI.c -fPIC -quiet -dumpbase CMakeCCompilerABI.c -mmacosx-version-min=10.15 -mtune=core2 -auxbase-strip CMakeFiles/cmTC_95578.dir/CMakeCCompilerABI.c.o -version -o /var/folders/78/6szq3z2x3fjgqznqvrbk3x080000gn/T//cc6rfbPv.s]
  ignore line: [GNU C17 (Homebrew GCC 8.5.0) version 8.5.0 (x86_64-apple-darwin19)]
  ignore line: [	compiled by GNU C version 8.5.0  GMP version 6.2.1  MPFR version 4.1.0  MPC version 1.2.1  isl version isl-0.24-GMP]
  ignore line: []
  ignore line: [GGC heuristics: --param ggc-min-expand=100 --param ggc-min-heapsize=131072]
  ignore line: [ignoring nonexistent directory "/Applications/Xcode.app/Contents/Developer/Platforms/MacOSX.platform/Developer/SDKs/MacOSX11.1.sdk/usr/local/include"]
  ignore line: [ignoring nonexistent directory "/usr/local/Cellar/gcc@8/8.5.0/lib/gcc/8/gcc/x86_64-apple-darwin19/8.5.0/../../../../../../x86_64-apple-darwin19/include"]
  ignore line: [ignoring nonexistent directory "/Applications/Xcode.app/Contents/Developer/Platforms/MacOSX.platform/Developer/SDKs/MacOSX11.1.sdk/Library/Frameworks"]
  ignore line: [#include "..." search starts here:]
  ignore line: [#include <...> search starts here:]
  ignore line: [ /usr/local/Cellar/gcc@8/8.5.0/lib/gcc/8/gcc/x86_64-apple-darwin19/8.5.0/include]
  ignore line: [ /usr/local/Cellar/gcc@8/8.5.0/lib/gcc/8/gcc/x86_64-apple-darwin19/8.5.0/include-fixed]
  ignore line: [ /Applications/Xcode.app/Contents/Developer/Platforms/MacOSX.platform/Developer/SDKs/MacOSX11.1.sdk/usr/include]
  ignore line: [ /Applications/Xcode.app/Contents/Developer/Platforms/MacOSX.platform/Developer/SDKs/MacOSX11.1.sdk/System/Library/Frameworks]
  ignore line: [End of search list.]
  ignore line: [GNU C17 (Homebrew GCC 8.5.0) version 8.5.0 (x86_64-apple-darwin19)]
  ignore line: [	compiled by GNU C version 8.5.0  GMP version 6.2.1  MPFR version 4.1.0  MPC version 1.2.1  isl version isl-0.24-GMP]
  ignore line: []
  ignore line: [GGC heuristics: --param ggc-min-expand=100 --param ggc-min-heapsize=131072]
  ignore line: [Compiler executable checksum: 62767911d8b0c7ece442b5c3021d7eea]
  ignore line: [COLLECT_GCC_OPTIONS='-isysroot' '/Applications/Xcode.app/Contents/Developer/Platforms/MacOSX.platform/Developer/SDKs/MacOSX11.1.sdk' '-v' '-o' 'CMakeFiles/cmTC_95578.dir/CMakeCCompilerABI.c.o' '-c' '-mmacosx-version-min=10.15'  '-mtune=core2']
  ignore line: [ as -arch x86_64 -v -force_cpusubtype_ALL -mmacosx-version-min=10.15 -o CMakeFiles/cmTC_95578.dir/CMakeCCompilerABI.c.o /var/folders/78/6szq3z2x3fjgqznqvrbk3x080000gn/T//cc6rfbPv.s]
  ignore line: [Apple clang version 12.0.0 (clang-1200.0.32.29)]
  ignore line: [Target: x86_64-apple-darwin19.6.0]
  ignore line: [Thread model: posix]
  ignore line: [InstalledDir: /Applications/Xcode.app/Contents/Developer/Toolchains/XcodeDefault.xctoolchain/usr/bin]
  ignore line: [ "/Applications/Xcode.app/Contents/Developer/Toolchains/XcodeDefault.xctoolchain/usr/bin/clang" -cc1as -triple x86_64-apple-macosx10.15.0 -filetype obj -main-file-name cc6rfbPv.s -target-cpu penryn -fdebug-compilation-dir /Users/AntonioShen/MLProjects/artifact-impact/RecordHelper/cmake-build-debug/CMakeFiles/CMakeTmp -dwarf-debug-producer "Apple clang version 12.0.0 (clang-1200.0.32.29)" -dwarf-version=4 -mrelocation-model pic -o CMakeFiles/cmTC_95578.dir/CMakeCCompilerABI.c.o /var/folders/78/6szq3z2x3fjgqznqvrbk3x080000gn/T//cc6rfbPv.s]
  ignore line: [COMPILER_PATH=/usr/local/Cellar/gcc@8/8.5.0/libexec/gcc/x86_64-apple-darwin19/8.5.0/:/usr/local/Cellar/gcc@8/8.5.0/libexec/gcc/x86_64-apple-darwin19/8.5.0/:/usr/local/Cellar/gcc@8/8.5.0/libexec/gcc/x86_64-apple-darwin19/:/usr/local/Cellar/gcc@8/8.5.0/lib/gcc/8/gcc/x86_64-apple-darwin19/8.5.0/:/usr/local/Cellar/gcc@8/8.5.0/lib/gcc/8/gcc/x86_64-apple-darwin19/]
  ignore line: [LIBRARY_PATH=/usr/local/Cellar/gcc@8/8.5.0/lib/gcc/8/gcc/x86_64-apple-darwin19/8.5.0/:/usr/local/Cellar/gcc@8/8.5.0/lib/gcc/8/gcc/x86_64-apple-darwin19/8.5.0/../../../]
  ignore line: [COLLECT_GCC_OPTIONS='-isysroot' '/Applications/Xcode.app/Contents/Developer/Platforms/MacOSX.platform/Developer/SDKs/MacOSX11.1.sdk' '-v' '-o' 'CMakeFiles/cmTC_95578.dir/CMakeCCompilerABI.c.o' '-c' '-mmacosx-version-min=10.15'  '-mtune=core2']
  ignore line: [Linking C executable cmTC_95578]
  ignore line: ["/Users/AntonioShen/Library/Application Support/JetBrains/Toolbox/apps/CLion/ch-0/211.7142.21/CLion.app/Contents/bin/cmake/mac/bin/cmake" -E cmake_link_script CMakeFiles/cmTC_95578.dir/link.txt --verbose=1]
  ignore line: [/usr/local/Cellar/gcc@8/8.5.0/bin/gcc-8  -isysroot /Applications/Xcode.app/Contents/Developer/Platforms/MacOSX.platform/Developer/SDKs/MacOSX11.1.sdk -mmacosx-version-min=10.15 -Wl -search_paths_first -Wl -headerpad_max_install_names  -v -Wl -v CMakeFiles/cmTC_95578.dir/CMakeCCompilerABI.c.o -o cmTC_95578 ]
  ignore line: [Using built-in specs.]
  ignore line: [COLLECT_GCC=/usr/local/Cellar/gcc@8/8.5.0/bin/gcc-8]
  ignore line: [COLLECT_LTO_WRAPPER=/usr/local/Cellar/gcc@8/8.5.0/libexec/gcc/x86_64-apple-darwin19/8.5.0/lto-wrapper]
  ignore line: [Target: x86_64-apple-darwin19]
  ignore line: [Configured with: ../configure --prefix=/usr/local/Cellar/gcc@8/8.5.0 --libdir=/usr/local/Cellar/gcc@8/8.5.0/lib/gcc/8 --disable-nls --enable-checking=release --enable-languages=c c++ objc obj-c++ fortran --program-suffix=-8 --with-gmp=/usr/local/opt/gmp --with-mpfr=/usr/local/opt/mpfr --with-mpc=/usr/local/opt/libmpc --with-isl=/usr/local/opt/isl --with-pkgversion='Homebrew GCC 8.5.0' --with-bugurl=https://github.com/Homebrew/homebrew-core/issues --build=x86_64-apple-darwin19 --with-system-zlib --disable-multilib --with-native-system-header-dir=/usr/include --with-sysroot=/Library/Developer/CommandLineTools/SDKs/MacOSX10.15.sdk]
  ignore line: [Thread model: posix]
  ignore line: [gcc version 8.5.0 (Homebrew GCC 8.5.0) ]
  ignore line: [COMPILER_PATH=/usr/local/Cellar/gcc@8/8.5.0/libexec/gcc/x86_64-apple-darwin19/8.5.0/:/usr/local/Cellar/gcc@8/8.5.0/libexec/gcc/x86_64-apple-darwin19/8.5.0/:/usr/local/Cellar/gcc@8/8.5.0/libexec/gcc/x86_64-apple-darwin19/:/usr/local/Cellar/gcc@8/8.5.0/lib/gcc/8/gcc/x86_64-apple-darwin19/8.5.0/:/usr/local/Cellar/gcc@8/8.5.0/lib/gcc/8/gcc/x86_64-apple-darwin19/]
  ignore line: [LIBRARY_PATH=/usr/local/Cellar/gcc@8/8.5.0/lib/gcc/8/gcc/x86_64-apple-darwin19/8.5.0/:/usr/local/Cellar/gcc@8/8.5.0/lib/gcc/8/gcc/x86_64-apple-darwin19/8.5.0/../../../]
  ignore line: [COLLECT_GCC_OPTIONS='-isysroot' '/Applications/Xcode.app/Contents/Developer/Platforms/MacOSX.platform/Developer/SDKs/MacOSX11.1.sdk' '-v' '-o' 'cmTC_95578' '-mmacosx-version-min=10.15' '-asm_macosx_version_min=10.15' '-mtune=core2']
  link line: [ /usr/local/Cellar/gcc@8/8.5.0/libexec/gcc/x86_64-apple-darwin19/8.5.0/collect2 -dynamic -arch x86_64 -macosx_version_min 10.15 -syslibroot /Applications/Xcode.app/Contents/Developer/Platforms/MacOSX.platform/Developer/SDKs/MacOSX11.1.sdk -weak_reference_mismatches non-weak -o cmTC_95578 -L/usr/local/Cellar/gcc@8/8.5.0/lib/gcc/8/gcc/x86_64-apple-darwin19/8.5.0 -L/usr/local/Cellar/gcc@8/8.5.0/lib/gcc/8/gcc/x86_64-apple-darwin19/8.5.0/../../.. -search_paths_first -headerpad_max_install_names -v CMakeFiles/cmTC_95578.dir/CMakeCCompilerABI.c.o -no_compact_unwind -lSystem -lgcc_ext.10.5 -lgcc -lSystem -no_compact_unwind -v]
    arg [/usr/local/Cellar/gcc@8/8.5.0/libexec/gcc/x86_64-apple-darwin19/8.5.0/collect2] ==> ignore
    arg [-dynamic] ==> ignore
    arg [-arch] ==> ignore
    arg [x86_64] ==> ignore
    arg [-macosx_version_min] ==> ignore
    arg [10.15] ==> ignore
    arg [-syslibroot] ==> ignore
    arg [/Applications/Xcode.app/Contents/Developer/Platforms/MacOSX.platform/Developer/SDKs/MacOSX11.1.sdk] ==> ignore
    arg [-weak_reference_mismatches] ==> ignore
    arg [non-weak] ==> ignore
    arg [-o] ==> ignore
    arg [cmTC_95578] ==> ignore
    arg [-L/usr/local/Cellar/gcc@8/8.5.0/lib/gcc/8/gcc/x86_64-apple-darwin19/8.5.0] ==> dir [/usr/local/Cellar/gcc@8/8.5.0/lib/gcc/8/gcc/x86_64-apple-darwin19/8.5.0]
    arg [-L/usr/local/Cellar/gcc@8/8.5.0/lib/gcc/8/gcc/x86_64-apple-darwin19/8.5.0/../../..] ==> dir [/usr/local/Cellar/gcc@8/8.5.0/lib/gcc/8/gcc/x86_64-apple-darwin19/8.5.0/../../..]
    arg [-search_paths_first] ==> ignore
    arg [-headerpad_max_install_names] ==> ignore
    arg [-v] ==> ignore
    arg [CMakeFiles/cmTC_95578.dir/CMakeCCompilerABI.c.o] ==> ignore
    arg [-no_compact_unwind] ==> ignore
    arg [-lSystem] ==> lib [System]
    arg [-lgcc_ext.10.5] ==> lib [gcc_ext.10.5]
    arg [-lgcc] ==> lib [gcc]
    arg [-lSystem] ==> lib [System]
    arg [-no_compact_unwind] ==> ignore
    arg [-v] ==> ignore
  Library search paths: [;/usr/local/Cellar/gcc@8/8.5.0/lib/gcc/8/gcc/x86_64-apple-darwin19/8.5.0;/usr/local/Cellar/gcc@8/8.5.0/lib/gcc/8;/Applications/Xcode.app/Contents/Developer/Platforms/MacOSX.platform/Developer/SDKs/MacOSX11.1.sdk/usr/lib]
  Framework search paths: [;/Applications/Xcode.app/Contents/Developer/Platforms/MacOSX.platform/Developer/SDKs/MacOSX11.1.sdk/System/Library/Frameworks/]
  remove lib [System]
  remove lib [System]
  collapse library dir [/usr/local/Cellar/gcc@8/8.5.0/lib/gcc/8/gcc/x86_64-apple-darwin19/8.5.0] ==> [/usr/local/Cellar/gcc@8/8.5.0/lib/gcc/8/gcc/x86_64-apple-darwin19/8.5.0]
  collapse library dir [/usr/local/Cellar/gcc@8/8.5.0/lib/gcc/8/gcc/x86_64-apple-darwin19/8.5.0/../../..] ==> [/usr/local/Cellar/gcc@8/8.5.0/lib/gcc/8]
  collapse library dir [/usr/local/Cellar/gcc@8/8.5.0/lib/gcc/8/gcc/x86_64-apple-darwin19/8.5.0] ==> [/usr/local/Cellar/gcc@8/8.5.0/lib/gcc/8/gcc/x86_64-apple-darwin19/8.5.0]
  collapse library dir [/usr/local/Cellar/gcc@8/8.5.0/lib/gcc/8] ==> [/usr/local/Cellar/gcc@8/8.5.0/lib/gcc/8]
  collapse library dir [/Applications/Xcode.app/Contents/Developer/Platforms/MacOSX.platform/Developer/SDKs/MacOSX11.1.sdk/usr/lib] ==> [/Applications/Xcode.app/Contents/Developer/Platforms/MacOSX.platform/Developer/SDKs/MacOSX11.1.sdk/usr/lib]
  collapse framework dir [/Applications/Xcode.app/Contents/Developer/Platforms/MacOSX.platform/Developer/SDKs/MacOSX11.1.sdk/System/Library/Frameworks/] ==> [/Applications/Xcode.app/Contents/Developer/Platforms/MacOSX.platform/Developer/SDKs/MacOSX11.1.sdk/System/Library/Frameworks]
  implicit libs: [gcc_ext.10.5;gcc]
  implicit dirs: [/usr/local/Cellar/gcc@8/8.5.0/lib/gcc/8/gcc/x86_64-apple-darwin19/8.5.0;/usr/local/Cellar/gcc@8/8.5.0/lib/gcc/8;/Applications/Xcode.app/Contents/Developer/Platforms/MacOSX.platform/Developer/SDKs/MacOSX11.1.sdk/usr/lib]
  implicit fwks: [/Applications/Xcode.app/Contents/Developer/Platforms/MacOSX.platform/Developer/SDKs/MacOSX11.1.sdk/System/Library/Frameworks]


Detecting CXX compiler ABI info compiled with the following output:
Change Dir: /Users/AntonioShen/MLProjects/artifact-impact/RecordHelper/cmake-build-debug/CMakeFiles/CMakeTmp

Run Build Command(s):/usr/bin/make cmTC_df2cd/fast && /Applications/Xcode.app/Contents/Developer/usr/bin/make  -f CMakeFiles/cmTC_df2cd.dir/build.make CMakeFiles/cmTC_df2cd.dir/build
Building CXX object CMakeFiles/cmTC_df2cd.dir/CMakeCXXCompilerABI.cpp.o
/usr/local/Cellar/gcc@8/8.5.0/bin/g++-8   -isysroot /Applications/Xcode.app/Contents/Developer/Platforms/MacOSX.platform/Developer/SDKs/MacOSX11.1.sdk -mmacosx-version-min=10.15   -v -Wl,-v -o CMakeFiles/cmTC_df2cd.dir/CMakeCXXCompilerABI.cpp.o -c "/Users/AntonioShen/Library/Application Support/JetBrains/Toolbox/apps/CLion/ch-0/211.7142.21/CLion.app/Contents/bin/cmake/mac/share/cmake-3.19/Modules/CMakeCXXCompilerABI.cpp"
Using built-in specs.
COLLECT_GCC=/usr/local/Cellar/gcc@8/8.5.0/bin/g++-8
Target: x86_64-apple-darwin19
Configured with: ../configure --prefix=/usr/local/Cellar/gcc@8/8.5.0 --libdir=/usr/local/Cellar/gcc@8/8.5.0/lib/gcc/8 --disable-nls --enable-checking=release --enable-languages=c,c++,objc,obj-c++,fortran --program-suffix=-8 --with-gmp=/usr/local/opt/gmp --with-mpfr=/usr/local/opt/mpfr --with-mpc=/usr/local/opt/libmpc --with-isl=/usr/local/opt/isl --with-pkgversion='Homebrew GCC 8.5.0' --with-bugurl=https://github.com/Homebrew/homebrew-core/issues --build=x86_64-apple-darwin19 --with-system-zlib --disable-multilib --with-native-system-header-dir=/usr/include --with-sysroot=/Library/Developer/CommandLineTools/SDKs/MacOSX10.15.sdk
Thread model: posix
gcc version 8.5.0 (Homebrew GCC 8.5.0) 
COLLECT_GCC_OPTIONS='-isysroot' '/Applications/Xcode.app/Contents/Developer/Platforms/MacOSX.platform/Developer/SDKs/MacOSX11.1.sdk' '-v' '-o' 'CMakeFiles/cmTC_df2cd.dir/CMakeCXXCompilerABI.cpp.o' '-c' '-mmacosx-version-min=10.15' '-asm_macosx_version_min=10.15' '-shared-libgcc' '-mtune=core2'
 /usr/local/Cellar/gcc@8/8.5.0/libexec/gcc/x86_64-apple-darwin19/8.5.0/cc1plus -quiet -v -D__DYNAMIC__ -isysroot /Applications/Xcode.app/Contents/Developer/Platforms/MacOSX.platform/Developer/SDKs/MacOSX11.1.sdk /Users/AntonioShen/Library/Application Support/JetBrains/Toolbox/apps/CLion/ch-0/211.7142.21/CLion.app/Contents/bin/cmake/mac/share/cmake-3.19/Modules/CMakeCXXCompilerABI.cpp -fPIC -quiet -dumpbase CMakeCXXCompilerABI.cpp -mmacosx-version-min=10.15 -mtune=core2 -auxbase-strip CMakeFiles/cmTC_df2cd.dir/CMakeCXXCompilerABI.cpp.o -version -o /var/folders/78/6szq3z2x3fjgqznqvrbk3x080000gn/T//ccBjfuxb.s
GNU C++14 (Homebrew GCC 8.5.0) version 8.5.0 (x86_64-apple-darwin19)
	compiled by GNU C version 8.5.0, GMP version 6.2.1, MPFR version 4.1.0, MPC version 1.2.1, isl version isl-0.24-GMP

GGC heuristics: --param ggc-min-expand=100 --param ggc-min-heapsize=131072
ignoring nonexistent directory "/Applications/Xcode.app/Contents/Developer/Platforms/MacOSX.platform/Developer/SDKs/MacOSX11.1.sdk/usr/local/include"
ignoring nonexistent directory "/usr/local/Cellar/gcc@8/8.5.0/lib/gcc/8/gcc/x86_64-apple-darwin19/8.5.0/../../../../../../x86_64-apple-darwin19/include"
ignoring nonexistent directory "/Applications/Xcode.app/Contents/Developer/Platforms/MacOSX.platform/Developer/SDKs/MacOSX11.1.sdk/Library/Frameworks"
#include "..." search starts here:
#include <...> search starts here:
 /usr/local/Cellar/gcc@8/8.5.0/lib/gcc/8/gcc/x86_64-apple-darwin19/8.5.0/../../../../../../include/c++/8.5.0
 /usr/local/Cellar/gcc@8/8.5.0/lib/gcc/8/gcc/x86_64-apple-darwin19/8.5.0/../../../../../../include/c++/8.5.0/x86_64-apple-darwin19
 /usr/local/Cellar/gcc@8/8.5.0/lib/gcc/8/gcc/x86_64-apple-darwin19/8.5.0/../../../../../../include/c++/8.5.0/backward
 /usr/local/Cellar/gcc@8/8.5.0/lib/gcc/8/gcc/x86_64-apple-darwin19/8.5.0/include
 /usr/local/Cellar/gcc@8/8.5.0/lib/gcc/8/gcc/x86_64-apple-darwin19/8.5.0/include-fixed
 /Applications/Xcode.app/Contents/Developer/Platforms/MacOSX.platform/Developer/SDKs/MacOSX11.1.sdk/usr/include
 /Applications/Xcode.app/Contents/Developer/Platforms/MacOSX.platform/Developer/SDKs/MacOSX11.1.sdk/System/Library/Frameworks
End of search list.
GNU C++14 (Homebrew GCC 8.5.0) version 8.5.0 (x86_64-apple-darwin19)
	compiled by GNU C version 8.5.0, GMP version 6.2.1, MPFR version 4.1.0, MPC version 1.2.1, isl version isl-0.24-GMP

GGC heuristics: --param ggc-min-expand=100 --param ggc-min-heapsize=131072
Compiler executable checksum: c217ff2e278e07da17a5a97a02b52c3c
COLLECT_GCC_OPTIONS='-isysroot' '/Applications/Xcode.app/Contents/Developer/Platforms/MacOSX.platform/Developer/SDKs/MacOSX11.1.sdk' '-v' '-o' 'CMakeFiles/cmTC_df2cd.dir/CMakeCXXCompilerABI.cpp.o' '-c' '-mmacosx-version-min=10.15'  '-shared-libgcc' '-mtune=core2'
 as -arch x86_64 -v -force_cpusubtype_ALL -mmacosx-version-min=10.15 -o CMakeFiles/cmTC_df2cd.dir/CMakeCXXCompilerABI.cpp.o /var/folders/78/6szq3z2x3fjgqznqvrbk3x080000gn/T//ccBjfuxb.s
Apple clang version 12.0.0 (clang-1200.0.32.29)
Target: x86_64-apple-darwin19.6.0
Thread model: posix
InstalledDir: /Applications/Xcode.app/Contents/Developer/Toolchains/XcodeDefault.xctoolchain/usr/bin
 "/Applications/Xcode.app/Contents/Developer/Toolchains/XcodeDefault.xctoolchain/usr/bin/clang" -cc1as -triple x86_64-apple-macosx10.15.0 -filetype obj -main-file-name ccBjfuxb.s -target-cpu penryn -fdebug-compilation-dir /Users/AntonioShen/MLProjects/artifact-impact/RecordHelper/cmake-build-debug/CMakeFiles/CMakeTmp -dwarf-debug-producer "Apple clang version 12.0.0 (clang-1200.0.32.29)" -dwarf-version=4 -mrelocation-model pic -o CMakeFiles/cmTC_df2cd.dir/CMakeCXXCompilerABI.cpp.o /var/folders/78/6szq3z2x3fjgqznqvrbk3x080000gn/T//ccBjfuxb.s
COMPILER_PATH=/usr/local/Cellar/gcc@8/8.5.0/libexec/gcc/x86_64-apple-darwin19/8.5.0/:/usr/local/Cellar/gcc@8/8.5.0/libexec/gcc/x86_64-apple-darwin19/8.5.0/:/usr/local/Cellar/gcc@8/8.5.0/libexec/gcc/x86_64-apple-darwin19/:/usr/local/Cellar/gcc@8/8.5.0/lib/gcc/8/gcc/x86_64-apple-darwin19/8.5.0/:/usr/local/Cellar/gcc@8/8.5.0/lib/gcc/8/gcc/x86_64-apple-darwin19/
LIBRARY_PATH=/usr/local/Cellar/gcc@8/8.5.0/lib/gcc/8/gcc/x86_64-apple-darwin19/8.5.0/:/usr/local/Cellar/gcc@8/8.5.0/lib/gcc/8/gcc/x86_64-apple-darwin19/8.5.0/../../../
COLLECT_GCC_OPTIONS='-isysroot' '/Applications/Xcode.app/Contents/Developer/Platforms/MacOSX.platform/Developer/SDKs/MacOSX11.1.sdk' '-v' '-o' 'CMakeFiles/cmTC_df2cd.dir/CMakeCXXCompilerABI.cpp.o' '-c' '-mmacosx-version-min=10.15'  '-shared-libgcc' '-mtune=core2'
Linking CXX executable cmTC_df2cd
"/Users/AntonioShen/Library/Application Support/JetBrains/Toolbox/apps/CLion/ch-0/211.7142.21/CLion.app/Contents/bin/cmake/mac/bin/cmake" -E cmake_link_script CMakeFiles/cmTC_df2cd.dir/link.txt --verbose=1
/usr/local/Cellar/gcc@8/8.5.0/bin/g++-8  -isysroot /Applications/Xcode.app/Contents/Developer/Platforms/MacOSX.platform/Developer/SDKs/MacOSX11.1.sdk -mmacosx-version-min=10.15 -Wl,-search_paths_first -Wl,-headerpad_max_install_names  -v -Wl,-v CMakeFiles/cmTC_df2cd.dir/CMakeCXXCompilerABI.cpp.o -o cmTC_df2cd 
Using built-in specs.
COLLECT_GCC=/usr/local/Cellar/gcc@8/8.5.0/bin/g++-8
COLLECT_LTO_WRAPPER=/usr/local/Cellar/gcc@8/8.5.0/libexec/gcc/x86_64-apple-darwin19/8.5.0/lto-wrapper
Target: x86_64-apple-darwin19
Configured with: ../configure --prefix=/usr/local/Cellar/gcc@8/8.5.0 --libdir=/usr/local/Cellar/gcc@8/8.5.0/lib/gcc/8 --disable-nls --enable-checking=release --enable-languages=c,c++,objc,obj-c++,fortran --program-suffix=-8 --with-gmp=/usr/local/opt/gmp --with-mpfr=/usr/local/opt/mpfr --with-mpc=/usr/local/opt/libmpc --with-isl=/usr/local/opt/isl --with-pkgversion='Homebrew GCC 8.5.0' --with-bugurl=https://github.com/Homebrew/homebrew-core/issues --build=x86_64-apple-darwin19 --with-system-zlib --disable-multilib --with-native-system-header-dir=/usr/include --with-sysroot=/Library/Developer/CommandLineTools/SDKs/MacOSX10.15.sdk
Thread model: posix
gcc version 8.5.0 (Homebrew GCC 8.5.0) 
COMPILER_PATH=/usr/local/Cellar/gcc@8/8.5.0/libexec/gcc/x86_64-apple-darwin19/8.5.0/:/usr/local/Cellar/gcc@8/8.5.0/libexec/gcc/x86_64-apple-darwin19/8.5.0/:/usr/local/Cellar/gcc@8/8.5.0/libexec/gcc/x86_64-apple-darwin19/:/usr/local/Cellar/gcc@8/8.5.0/lib/gcc/8/gcc/x86_64-apple-darwin19/8.5.0/:/usr/local/Cellar/gcc@8/8.5.0/lib/gcc/8/gcc/x86_64-apple-darwin19/
LIBRARY_PATH=/usr/local/Cellar/gcc@8/8.5.0/lib/gcc/8/gcc/x86_64-apple-darwin19/8.5.0/:/usr/local/Cellar/gcc@8/8.5.0/lib/gcc/8/gcc/x86_64-apple-darwin19/8.5.0/../../../
COLLECT_GCC_OPTIONS='-isysroot' '/Applications/Xcode.app/Contents/Developer/Platforms/MacOSX.platform/Developer/SDKs/MacOSX11.1.sdk' '-v' '-o' 'cmTC_df2cd' '-mmacosx-version-min=10.15' '-asm_macosx_version_min=10.15' '-shared-libgcc' '-mtune=core2'
 /usr/local/Cellar/gcc@8/8.5.0/libexec/gcc/x86_64-apple-darwin19/8.5.0/collect2 -dynamic -arch x86_64 -macosx_version_min 10.15 -syslibroot /Applications/Xcode.app/Contents/Developer/Platforms/MacOSX.platform/Developer/SDKs/MacOSX11.1.sdk -weak_reference_mismatches non-weak -o cmTC_df2cd -L/usr/local/Cellar/gcc@8/8.5.0/lib/gcc/8/gcc/x86_64-apple-darwin19/8.5.0 -L/usr/local/Cellar/gcc@8/8.5.0/lib/gcc/8/gcc/x86_64-apple-darwin19/8.5.0/../../.. -search_paths_first -headerpad_max_install_names -v CMakeFiles/cmTC_df2cd.dir/CMakeCXXCompilerABI.cpp.o -lstdc++ -no_compact_unwind -lSystem -lgcc_ext.10.5 -lgcc -lSystem -no_compact_unwind -v
collect2 version 8.5.0
/usr/bin/ld -dynamic -arch x86_64 -macosx_version_min 10.15 -syslibroot /Applications/Xcode.app/Contents/Developer/Platforms/MacOSX.platform/Developer/SDKs/MacOSX11.1.sdk -weak_reference_mismatches non-weak -o cmTC_df2cd -L/usr/local/Cellar/gcc@8/8.5.0/lib/gcc/8/gcc/x86_64-apple-darwin19/8.5.0 -L/usr/local/Cellar/gcc@8/8.5.0/lib/gcc/8/gcc/x86_64-apple-darwin19/8.5.0/../../.. -search_paths_first -headerpad_max_install_names -v CMakeFiles/cmTC_df2cd.dir/CMakeCXXCompilerABI.cpp.o -lstdc++ -no_compact_unwind -lSystem -lgcc_ext.10.5 -lgcc -lSystem -no_compact_unwind -v
@(#)PROGRAM:ld  PROJECT:ld64-609.8
BUILD 15:07:46 Dec 18 2020
configured to support archs: armv6 armv7 armv7s arm64 arm64e arm64_32 i386 x86_64 x86_64h armv6m armv7k armv7m armv7em
@(#)PROGRAM:ld  PROJECT:ld64-609.8
BUILD 15:07:46 Dec 18 2020
configured to support archs: armv6 armv7 armv7s arm64 arm64e arm64_32 i386 x86_64 x86_64h armv6m armv7k armv7m armv7em
Library search paths:
	/usr/local/Cellar/gcc@8/8.5.0/lib/gcc/8/gcc/x86_64-apple-darwin19/8.5.0
	/usr/local/Cellar/gcc@8/8.5.0/lib/gcc/8
	/Applications/Xcode.app/Contents/Developer/Platforms/MacOSX.platform/Developer/SDKs/MacOSX11.1.sdk/usr/lib
Framework search paths:
	/Applications/Xcode.app/Contents/Developer/Platforms/MacOSX.platform/Developer/SDKs/MacOSX11.1.sdk/System/Library/Frameworks/
 /usr/bin/nm -n CMakeFiles/cmTC_df2cd.dir/CMakeCXXCompilerABI.cpp.o



Parsed CXX implicit include dir info from above output: rv=done
  found start of include info
  found start of implicit include info
    add: [/usr/local/Cellar/gcc@8/8.5.0/lib/gcc/8/gcc/x86_64-apple-darwin19/8.5.0/../../../../../../include/c++/8.5.0]
    add: [/usr/local/Cellar/gcc@8/8.5.0/lib/gcc/8/gcc/x86_64-apple-darwin19/8.5.0/../../../../../../include/c++/8.5.0/x86_64-apple-darwin19]
    add: [/usr/local/Cellar/gcc@8/8.5.0/lib/gcc/8/gcc/x86_64-apple-darwin19/8.5.0/../../../../../../include/c++/8.5.0/backward]
    add: [/usr/local/Cellar/gcc@8/8.5.0/lib/gcc/8/gcc/x86_64-apple-darwin19/8.5.0/include]
    add: [/usr/local/Cellar/gcc@8/8.5.0/lib/gcc/8/gcc/x86_64-apple-darwin19/8.5.0/include-fixed]
    add: [/Applications/Xcode.app/Contents/Developer/Platforms/MacOSX.platform/Developer/SDKs/MacOSX11.1.sdk/usr/include]
    add: [/Applications/Xcode.app/Contents/Developer/Platforms/MacOSX.platform/Developer/SDKs/MacOSX11.1.sdk/System/Library/Frameworks]
  end of search list found
  collapse include dir [/usr/local/Cellar/gcc@8/8.5.0/lib/gcc/8/gcc/x86_64-apple-darwin19/8.5.0/../../../../../../include/c++/8.5.0] ==> [/usr/local/Cellar/gcc@8/8.5.0/include/c++/8.5.0]
  collapse include dir [/usr/local/Cellar/gcc@8/8.5.0/lib/gcc/8/gcc/x86_64-apple-darwin19/8.5.0/../../../../../../include/c++/8.5.0/x86_64-apple-darwin19] ==> [/usr/local/Cellar/gcc@8/8.5.0/include/c++/8.5.0/x86_64-apple-darwin19]
  collapse include dir [/usr/local/Cellar/gcc@8/8.5.0/lib/gcc/8/gcc/x86_64-apple-darwin19/8.5.0/../../../../../../include/c++/8.5.0/backward] ==> [/usr/local/Cellar/gcc@8/8.5.0/include/c++/8.5.0/backward]
  collapse include dir [/usr/local/Cellar/gcc@8/8.5.0/lib/gcc/8/gcc/x86_64-apple-darwin19/8.5.0/include] ==> [/usr/local/Cellar/gcc@8/8.5.0/lib/gcc/8/gcc/x86_64-apple-darwin19/8.5.0/include]
  collapse include dir [/usr/local/Cellar/gcc@8/8.5.0/lib/gcc/8/gcc/x86_64-apple-darwin19/8.5.0/include-fixed] ==> [/usr/local/Cellar/gcc@8/8.5.0/lib/gcc/8/gcc/x86_64-apple-darwin19/8.5.0/include-fixed]
  collapse include dir [/Applications/Xcode.app/Contents/Developer/Platforms/MacOSX.platform/Developer/SDKs/MacOSX11.1.sdk/usr/include] ==> [/Applications/Xcode.app/Contents/Developer/Platforms/MacOSX.platform/Developer/SDKs/MacOSX11.1.sdk/usr/include]
  collapse include dir [/Applications/Xcode.app/Contents/Developer/Platforms/MacOSX.platform/Developer/SDKs/MacOSX11.1.sdk/System/Library/Frameworks] ==> [/Applications/Xcode.app/Contents/Developer/Platforms/MacOSX.platform/Developer/SDKs/MacOSX11.1.sdk/System/Library/Frameworks]
  implicit include dirs: [/usr/local/Cellar/gcc@8/8.5.0/include/c++/8.5.0;/usr/local/Cellar/gcc@8/8.5.0/include/c++/8.5.0/x86_64-apple-darwin19;/usr/local/Cellar/gcc@8/8.5.0/include/c++/8.5.0/backward;/usr/local/Cellar/gcc@8/8.5.0/lib/gcc/8/gcc/x86_64-apple-darwin19/8.5.0/include;/usr/local/Cellar/gcc@8/8.5.0/lib/gcc/8/gcc/x86_64-apple-darwin19/8.5.0/include-fixed;/Applications/Xcode.app/Contents/Developer/Platforms/MacOSX.platform/Developer/SDKs/MacOSX11.1.sdk/usr/include;/Applications/Xcode.app/Contents/Developer/Platforms/MacOSX.platform/Developer/SDKs/MacOSX11.1.sdk/System/Library/Frameworks]


Parsed CXX implicit link information from above output:
  link line regex: [^( *|.*[/\])(ld|CMAKE_LINK_STARTFILE-NOTFOUND|([^/\]+-)?ld|collect2)[^/\]*( |$)]
  ignore line: [Change Dir: /Users/AntonioShen/MLProjects/artifact-impact/RecordHelper/cmake-build-debug/CMakeFiles/CMakeTmp]
  ignore line: []
  ignore line: [Run Build Command(s):/usr/bin/make cmTC_df2cd/fast && /Applications/Xcode.app/Contents/Developer/usr/bin/make  -f CMakeFiles/cmTC_df2cd.dir/build.make CMakeFiles/cmTC_df2cd.dir/build]
  ignore line: [Building CXX object CMakeFiles/cmTC_df2cd.dir/CMakeCXXCompilerABI.cpp.o]
  ignore line: [/usr/local/Cellar/gcc@8/8.5.0/bin/g++-8   -isysroot /Applications/Xcode.app/Contents/Developer/Platforms/MacOSX.platform/Developer/SDKs/MacOSX11.1.sdk -mmacosx-version-min=10.15   -v -Wl -v -o CMakeFiles/cmTC_df2cd.dir/CMakeCXXCompilerABI.cpp.o -c "/Users/AntonioShen/Library/Application Support/JetBrains/Toolbox/apps/CLion/ch-0/211.7142.21/CLion.app/Contents/bin/cmake/mac/share/cmake-3.19/Modules/CMakeCXXCompilerABI.cpp"]
  ignore line: [Using built-in specs.]
  ignore line: [COLLECT_GCC=/usr/local/Cellar/gcc@8/8.5.0/bin/g++-8]
  ignore line: [Target: x86_64-apple-darwin19]
  ignore line: [Configured with: ../configure --prefix=/usr/local/Cellar/gcc@8/8.5.0 --libdir=/usr/local/Cellar/gcc@8/8.5.0/lib/gcc/8 --disable-nls --enable-checking=release --enable-languages=c c++ objc obj-c++ fortran --program-suffix=-8 --with-gmp=/usr/local/opt/gmp --with-mpfr=/usr/local/opt/mpfr --with-mpc=/usr/local/opt/libmpc --with-isl=/usr/local/opt/isl --with-pkgversion='Homebrew GCC 8.5.0' --with-bugurl=https://github.com/Homebrew/homebrew-core/issues --build=x86_64-apple-darwin19 --with-system-zlib --disable-multilib --with-native-system-header-dir=/usr/include --with-sysroot=/Library/Developer/CommandLineTools/SDKs/MacOSX10.15.sdk]
  ignore line: [Thread model: posix]
  ignore line: [gcc version 8.5.0 (Homebrew GCC 8.5.0) ]
  ignore line: [COLLECT_GCC_OPTIONS='-isysroot' '/Applications/Xcode.app/Contents/Developer/Platforms/MacOSX.platform/Developer/SDKs/MacOSX11.1.sdk' '-v' '-o' 'CMakeFiles/cmTC_df2cd.dir/CMakeCXXCompilerABI.cpp.o' '-c' '-mmacosx-version-min=10.15' '-asm_macosx_version_min=10.15' '-shared-libgcc' '-mtune=core2']
  ignore line: [ /usr/local/Cellar/gcc@8/8.5.0/libexec/gcc/x86_64-apple-darwin19/8.5.0/cc1plus -quiet -v -D__DYNAMIC__ -isysroot /Applications/Xcode.app/Contents/Developer/Platforms/MacOSX.platform/Developer/SDKs/MacOSX11.1.sdk /Users/AntonioShen/Library/Application Support/JetBrains/Toolbox/apps/CLion/ch-0/211.7142.21/CLion.app/Contents/bin/cmake/mac/share/cmake-3.19/Modules/CMakeCXXCompilerABI.cpp -fPIC -quiet -dumpbase CMakeCXXCompilerABI.cpp -mmacosx-version-min=10.15 -mtune=core2 -auxbase-strip CMakeFiles/cmTC_df2cd.dir/CMakeCXXCompilerABI.cpp.o -version -o /var/folders/78/6szq3z2x3fjgqznqvrbk3x080000gn/T//ccBjfuxb.s]
  ignore line: [GNU C++14 (Homebrew GCC 8.5.0) version 8.5.0 (x86_64-apple-darwin19)]
  ignore line: [	compiled by GNU C version 8.5.0  GMP version 6.2.1  MPFR version 4.1.0  MPC version 1.2.1  isl version isl-0.24-GMP]
  ignore line: []
  ignore line: [GGC heuristics: --param ggc-min-expand=100 --param ggc-min-heapsize=131072]
  ignore line: [ignoring nonexistent directory "/Applications/Xcode.app/Contents/Developer/Platforms/MacOSX.platform/Developer/SDKs/MacOSX11.1.sdk/usr/local/include"]
  ignore line: [ignoring nonexistent directory "/usr/local/Cellar/gcc@8/8.5.0/lib/gcc/8/gcc/x86_64-apple-darwin19/8.5.0/../../../../../../x86_64-apple-darwin19/include"]
  ignore line: [ignoring nonexistent directory "/Applications/Xcode.app/Contents/Developer/Platforms/MacOSX.platform/Developer/SDKs/MacOSX11.1.sdk/Library/Frameworks"]
  ignore line: [#include "..." search starts here:]
  ignore line: [#include <...> search starts here:]
  ignore line: [ /usr/local/Cellar/gcc@8/8.5.0/lib/gcc/8/gcc/x86_64-apple-darwin19/8.5.0/../../../../../../include/c++/8.5.0]
  ignore line: [ /usr/local/Cellar/gcc@8/8.5.0/lib/gcc/8/gcc/x86_64-apple-darwin19/8.5.0/../../../../../../include/c++/8.5.0/x86_64-apple-darwin19]
  ignore line: [ /usr/local/Cellar/gcc@8/8.5.0/lib/gcc/8/gcc/x86_64-apple-darwin19/8.5.0/../../../../../../include/c++/8.5.0/backward]
  ignore line: [ /usr/local/Cellar/gcc@8/8.5.0/lib/gcc/8/gcc/x86_64-apple-darwin19/8.5.0/include]
  ignore line: [ /usr/local/Cellar/gcc@8/8.5.0/lib/gcc/8/gcc/x86_64-apple-darwin19/8.5.0/include-fixed]
  ignore line: [ /Applications/Xcode.app/Contents/Developer/Platforms/MacOSX.platform/Developer/SDKs/MacOSX11.1.sdk/usr/include]
  ignore line: [ /Applications/Xcode.app/Contents/Developer/Platforms/MacOSX.platform/Developer/SDKs/MacOSX11.1.sdk/System/Library/Frameworks]
  ignore line: [End of search list.]
  ignore line: [GNU C++14 (Homebrew GCC 8.5.0) version 8.5.0 (x86_64-apple-darwin19)]
  ignore line: [	compiled by GNU C version 8.5.0  GMP version 6.2.1  MPFR version 4.1.0  MPC version 1.2.1  isl version isl-0.24-GMP]
  ignore line: []
  ignore line: [GGC heuristics: --param ggc-min-expand=100 --param ggc-min-heapsize=131072]
  ignore line: [Compiler executable checksum: c217ff2e278e07da17a5a97a02b52c3c]
  ignore line: [COLLECT_GCC_OPTIONS='-isysroot' '/Applications/Xcode.app/Contents/Developer/Platforms/MacOSX.platform/Developer/SDKs/MacOSX11.1.sdk' '-v' '-o' 'CMakeFiles/cmTC_df2cd.dir/CMakeCXXCompilerABI.cpp.o' '-c' '-mmacosx-version-min=10.15'  '-shared-libgcc' '-mtune=core2']
  ignore line: [ as -arch x86_64 -v -force_cpusubtype_ALL -mmacosx-version-min=10.15 -o CMakeFiles/cmTC_df2cd.dir/CMakeCXXCompilerABI.cpp.o /var/folders/78/6szq3z2x3fjgqznqvrbk3x080000gn/T//ccBjfuxb.s]
  ignore line: [Apple clang version 12.0.0 (clang-1200.0.32.29)]
  ignore line: [Target: x86_64-apple-darwin19.6.0]
  ignore line: [Thread model: posix]
  ignore line: [InstalledDir: /Applications/Xcode.app/Contents/Developer/Toolchains/XcodeDefault.xctoolchain/usr/bin]
  ignore line: [ "/Applications/Xcode.app/Contents/Developer/Toolchains/XcodeDefault.xctoolchain/usr/bin/clang" -cc1as -triple x86_64-apple-macosx10.15.0 -filetype obj -main-file-name ccBjfuxb.s -target-cpu penryn -fdebug-compilation-dir /Users/AntonioShen/MLProjects/artifact-impact/RecordHelper/cmake-build-debug/CMakeFiles/CMakeTmp -dwarf-debug-producer "Apple clang version 12.0.0 (clang-1200.0.32.29)" -dwarf-version=4 -mrelocation-model pic -o CMakeFiles/cmTC_df2cd.dir/CMakeCXXCompilerABI.cpp.o /var/folders/78/6szq3z2x3fjgqznqvrbk3x080000gn/T//ccBjfuxb.s]
  ignore line: [COMPILER_PATH=/usr/local/Cellar/gcc@8/8.5.0/libexec/gcc/x86_64-apple-darwin19/8.5.0/:/usr/local/Cellar/gcc@8/8.5.0/libexec/gcc/x86_64-apple-darwin19/8.5.0/:/usr/local/Cellar/gcc@8/8.5.0/libexec/gcc/x86_64-apple-darwin19/:/usr/local/Cellar/gcc@8/8.5.0/lib/gcc/8/gcc/x86_64-apple-darwin19/8.5.0/:/usr/local/Cellar/gcc@8/8.5.0/lib/gcc/8/gcc/x86_64-apple-darwin19/]
  ignore line: [LIBRARY_PATH=/usr/local/Cellar/gcc@8/8.5.0/lib/gcc/8/gcc/x86_64-apple-darwin19/8.5.0/:/usr/local/Cellar/gcc@8/8.5.0/lib/gcc/8/gcc/x86_64-apple-darwin19/8.5.0/../../../]
  ignore line: [COLLECT_GCC_OPTIONS='-isysroot' '/Applications/Xcode.app/Contents/Developer/Platforms/MacOSX.platform/Developer/SDKs/MacOSX11.1.sdk' '-v' '-o' 'CMakeFiles/cmTC_df2cd.dir/CMakeCXXCompilerABI.cpp.o' '-c' '-mmacosx-version-min=10.15'  '-shared-libgcc' '-mtune=core2']
  ignore line: [Linking CXX executable cmTC_df2cd]
  ignore line: ["/Users/AntonioShen/Library/Application Support/JetBrains/Toolbox/apps/CLion/ch-0/211.7142.21/CLion.app/Contents/bin/cmake/mac/bin/cmake" -E cmake_link_script CMakeFiles/cmTC_df2cd.dir/link.txt --verbose=1]
  ignore line: [/usr/local/Cellar/gcc@8/8.5.0/bin/g++-8  -isysroot /Applications/Xcode.app/Contents/Developer/Platforms/MacOSX.platform/Developer/SDKs/MacOSX11.1.sdk -mmacosx-version-min=10.15 -Wl -search_paths_first -Wl -headerpad_max_install_names  -v -Wl -v CMakeFiles/cmTC_df2cd.dir/CMakeCXXCompilerABI.cpp.o -o cmTC_df2cd ]
  ignore line: [Using built-in specs.]
  ignore line: [COLLECT_GCC=/usr/local/Cellar/gcc@8/8.5.0/bin/g++-8]
  ignore line: [COLLECT_LTO_WRAPPER=/usr/local/Cellar/gcc@8/8.5.0/libexec/gcc/x86_64-apple-darwin19/8.5.0/lto-wrapper]
  ignore line: [Target: x86_64-apple-darwin19]
  ignore line: [Configured with: ../configure --prefix=/usr/local/Cellar/gcc@8/8.5.0 --libdir=/usr/local/Cellar/gcc@8/8.5.0/lib/gcc/8 --disable-nls --enable-checking=release --enable-languages=c c++ objc obj-c++ fortran --program-suffix=-8 --with-gmp=/usr/local/opt/gmp --with-mpfr=/usr/local/opt/mpfr --with-mpc=/usr/local/opt/libmpc --with-isl=/usr/local/opt/isl --with-pkgversion='Homebrew GCC 8.5.0' --with-bugurl=https://github.com/Homebrew/homebrew-core/issues --build=x86_64-apple-darwin19 --with-system-zlib --disable-multilib --with-native-system-header-dir=/usr/include --with-sysroot=/Library/Developer/CommandLineTools/SDKs/MacOSX10.15.sdk]
  ignore line: [Thread model: posix]
  ignore line: [gcc version 8.5.0 (Homebrew GCC 8.5.0) ]
  ignore line: [COMPILER_PATH=/usr/local/Cellar/gcc@8/8.5.0/libexec/gcc/x86_64-apple-darwin19/8.5.0/:/usr/local/Cellar/gcc@8/8.5.0/libexec/gcc/x86_64-apple-darwin19/8.5.0/:/usr/local/Cellar/gcc@8/8.5.0/libexec/gcc/x86_64-apple-darwin19/:/usr/local/Cellar/gcc@8/8.5.0/lib/gcc/8/gcc/x86_64-apple-darwin19/8.5.0/:/usr/local/Cellar/gcc@8/8.5.0/lib/gcc/8/gcc/x86_64-apple-darwin19/]
  ignore line: [LIBRARY_PATH=/usr/local/Cellar/gcc@8/8.5.0/lib/gcc/8/gcc/x86_64-apple-darwin19/8.5.0/:/usr/local/Cellar/gcc@8/8.5.0/lib/gcc/8/gcc/x86_64-apple-darwin19/8.5.0/../../../]
  ignore line: [COLLECT_GCC_OPTIONS='-isysroot' '/Applications/Xcode.app/Contents/Developer/Platforms/MacOSX.platform/Developer/SDKs/MacOSX11.1.sdk' '-v' '-o' 'cmTC_df2cd' '-mmacosx-version-min=10.15' '-asm_macosx_version_min=10.15' '-shared-libgcc' '-mtune=core2']
  link line: [ /usr/local/Cellar/gcc@8/8.5.0/libexec/gcc/x86_64-apple-darwin19/8.5.0/collect2 -dynamic -arch x86_64 -macosx_version_min 10.15 -syslibroot /Applications/Xcode.app/Contents/Developer/Platforms/MacOSX.platform/Developer/SDKs/MacOSX11.1.sdk -weak_reference_mismatches non-weak -o cmTC_df2cd -L/usr/local/Cellar/gcc@8/8.5.0/lib/gcc/8/gcc/x86_64-apple-darwin19/8.5.0 -L/usr/local/Cellar/gcc@8/8.5.0/lib/gcc/8/gcc/x86_64-apple-darwin19/8.5.0/../../.. -search_paths_first -headerpad_max_install_names -v CMakeFiles/cmTC_df2cd.dir/CMakeCXXCompilerABI.cpp.o -lstdc++ -no_compact_unwind -lSystem -lgcc_ext.10.5 -lgcc -lSystem -no_compact_unwind -v]
    arg [/usr/local/Cellar/gcc@8/8.5.0/libexec/gcc/x86_64-apple-darwin19/8.5.0/collect2] ==> ignore
    arg [-dynamic] ==> ignore
    arg [-arch] ==> ignore
    arg [x86_64] ==> ignore
    arg [-macosx_version_min] ==> ignore
    arg [10.15] ==> ignore
    arg [-syslibroot] ==> ignore
    arg [/Applications/Xcode.app/Contents/Developer/Platforms/MacOSX.platform/Developer/SDKs/MacOSX11.1.sdk] ==> ignore
    arg [-weak_reference_mismatches] ==> ignore
    arg [non-weak] ==> ignore
    arg [-o] ==> ignore
    arg [cmTC_df2cd] ==> ignore
    arg [-L/usr/local/Cellar/gcc@8/8.5.0/lib/gcc/8/gcc/x86_64-apple-darwin19/8.5.0] ==> dir [/usr/local/Cellar/gcc@8/8.5.0/lib/gcc/8/gcc/x86_64-apple-darwin19/8.5.0]
    arg [-L/usr/local/Cellar/gcc@8/8.5.0/lib/gcc/8/gcc/x86_64-apple-darwin19/8.5.0/../../..] ==> dir [/usr/local/Cellar/gcc@8/8.5.0/lib/gcc/8/gcc/x86_64-apple-darwin19/8.5.0/../../..]
    arg [-search_paths_first] ==> ignore
    arg [-headerpad_max_install_names] ==> ignore
    arg [-v] ==> ignore
    arg [CMakeFiles/cmTC_df2cd.dir/CMakeCXXCompilerABI.cpp.o] ==> ignore
    arg [-lstdc++] ==> lib [stdc++]
    arg [-no_compact_unwind] ==> ignore
    arg [-lSystem] ==> lib [System]
    arg [-lgcc_ext.10.5] ==> lib [gcc_ext.10.5]
    arg [-lgcc] ==> lib [gcc]
    arg [-lSystem] ==> lib [System]
    arg [-no_compact_unwind] ==> ignore
    arg [-v] ==> ignore
  Library search paths: [;/usr/local/Cellar/gcc@8/8.5.0/lib/gcc/8/gcc/x86_64-apple-darwin19/8.5.0;/usr/local/Cellar/gcc@8/8.5.0/lib/gcc/8;/Applications/Xcode.app/Contents/Developer/Platforms/MacOSX.platform/Developer/SDKs/MacOSX11.1.sdk/usr/lib]
  Framework search paths: [;/Applications/Xcode.app/Contents/Developer/Platforms/MacOSX.platform/Developer/SDKs/MacOSX11.1.sdk/System/Library/Frameworks/]
  remove lib [System]
  remove lib [System]
  collapse library dir [/usr/local/Cellar/gcc@8/8.5.0/lib/gcc/8/gcc/x86_64-apple-darwin19/8.5.0] ==> [/usr/local/Cellar/gcc@8/8.5.0/lib/gcc/8/gcc/x86_64-apple-darwin19/8.5.0]
  collapse library dir [/usr/local/Cellar/gcc@8/8.5.0/lib/gcc/8/gcc/x86_64-apple-darwin19/8.5.0/../../..] ==> [/usr/local/Cellar/gcc@8/8.5.0/lib/gcc/8]
  collapse library dir [/usr/local/Cellar/gcc@8/8.5.0/lib/gcc/8/gcc/x86_64-apple-darwin19/8.5.0] ==> [/usr/local/Cellar/gcc@8/8.5.0/lib/gcc/8/gcc/x86_64-apple-darwin19/8.5.0]
  collapse library dir [/usr/local/Cellar/gcc@8/8.5.0/lib/gcc/8] ==> [/usr/local/Cellar/gcc@8/8.5.0/lib/gcc/8]
  collapse library dir [/Applications/Xcode.app/Contents/Developer/Platforms/MacOSX.platform/Developer/SDKs/MacOSX11.1.sdk/usr/lib] ==> [/Applications/Xcode.app/Contents/Developer/Platforms/MacOSX.platform/Developer/SDKs/MacOSX11.1.sdk/usr/lib]
  collapse framework dir [/Applications/Xcode.app/Contents/Developer/Platforms/MacOSX.platform/Developer/SDKs/MacOSX11.1.sdk/System/Library/Frameworks/] ==> [/Applications/Xcode.app/Contents/Developer/Platforms/MacOSX.platform/Developer/SDKs/MacOSX11.1.sdk/System/Library/Frameworks]
  implicit libs: [stdc++;gcc_ext.10.5;gcc]
  implicit dirs: [/usr/local/Cellar/gcc@8/8.5.0/lib/gcc/8/gcc/x86_64-apple-darwin19/8.5.0;/usr/local/Cellar/gcc@8/8.5.0/lib/gcc/8;/Applications/Xcode.app/Contents/Developer/Platforms/MacOSX.platform/Developer/SDKs/MacOSX11.1.sdk/usr/lib]
  implicit fwks: [/Applications/Xcode.app/Contents/Developer/Platforms/MacOSX.platform/Developer/SDKs/MacOSX11.1.sdk/System/Library/Frameworks]


